#
# A fatal error has been detected by the Java Runtime Environment:
#
#  Internal Error (0xeedfade), pid=15932, tid=0x000013d4
#
# JRE version: Java(TM) SE Runtime Environment (8.0_271-b09) (build 1.8.0_271-b09)
# Java VM: Java HotSpot(TM) Client VM (25.271-b09 mixed mode, sharing windows-x86 )
# Problematic frame:
# C  [KERNELBASE.dll+0x12a8b2]
#
# Failed to write core dump. Minidumps are not enabled by default on client versions of Windows
#
# If you would like to submit a bug report, please visit:
#   http://bugreport.java.com/bugreport/crash.jsp
#

---------------  T H R E A D  ---------------

Current thread (0x00809000):  VMThread [stack: 0x148a0000,0x148f0000] [id=5076]

siginfo: ExceptionCode=0xeedfade, ExceptionInformation=0x20f7f164 0x21d51d98 0x00000578 0x00000000 0x20f0270a 0x148eef80 0x148eef4c 

Registers:
EAX=0x148eeec0, EBX=0x00000578, ECX=0x00000007, EDX=0x00000000
ESP=0x148eeec0, EBP=0x148eef18, ESI=0x00000000, EDI=0x20f0270a
EIP=0x7606a8b2, EFLAGS=0x00000216

Top of Stack: (sp=0x148eeec0)
0x148eeec0:   0eedfade 00000001 00000000 7606a8b2
0x148eeed0:   00000007 20f7f164 21d51d98 00000578
0x148eeee0:   00000000 20f0270a 148eef80 148eef4c
0x148eeef0:   00000001 00000000 20f7f164 00000007
0x148eef00:   20f7f164 21d51d98 00000578 00000000
0x148eef10:   20f0270a 1934c6e7 148eef80 20f7f164
0x148eef20:   0eedfade 00000001 00000007 148eef30
0x148eef30:   20f7f164 21d51d98 00000578 00000000 

Instructions: (pc=0x7606a8b2)
0x7606a892:   89 44 24 10 c1 e0 02 50 51 8d 44 24 1c 50 e8 ff
0x7606a8a2:   96 00 00 83 c4 0c 8d 04 24 50 ff 15 fc c3 11 76
0x7606a8b2:   8b 4c 24 54 33 cc e8 23 4e 00 00 8b e5 5d c2 10
0x7606a8c2:   00 83 64 24 10 00 eb de 6a 0f 58 eb c3 cc cc cc 


Register to memory mapping:

EAX=
[error occurred during error reporting (printing register info), id 0xc0000005]

Stack: [0x148a0000,0x148f0000],  sp=0x148eeec0,  free space=315k
Native frames: (J=compiled Java code, j=interpreted, Vv=VM code, C=native code)
C  [KERNELBASE.dll+0x12a8b2]
C  0x20f7f164
C  0x20f7f164
C  0x2121f360
C  0x20f515eb

VM_Operation (0x160be118): Exit, mode: safepoint, requested by thread 0x155f5c00


---------------  P R O C E S S  ---------------

Java Threads: ( => current thread )
  0x1b477c00 JavaThread "Prism Font Disposer" daemon [_thread_blocked, id=12264, stack(0x1df40000,0x1df90000)]
  0x1b21b000 JavaThread "InterruptTimer" daemon [_thread_blocked, id=3992, stack(0x1b9c0000,0x1ba10000)]
  0x1b06e800 JavaThread "oracle.jdbc.driver.BlockSource.ThreadedCachingBlockSource.BlockReleaser" daemon [_thread_blocked, id=15860, stack(0x1b930000,0x1b980000)]
  0x1b033000 JavaThread "Timer-0" daemon [_thread_blocked, id=14680, stack(0x1b8a0000,0x1b8f0000)]
  0x1ae67000 JavaThread "JavaFX-Launcher" [_thread_blocked, id=15840, stack(0x1ace0000,0x1ad30000)]
  0x1a8f7000 JavaThread "Thread-2" daemon [_thread_in_native, id=15592, stack(0x1a850000,0x1a8a0000)]
  0x155f5c00 JavaThread "JavaFX Application Thread" [_thread_blocked, id=11808, stack(0x15fc0000,0x160c0000)]
  0x155f1000 JavaThread "Thread-1" daemon [_thread_blocked, id=9884, stack(0x15810000,0x15860000)]
  0x1558e000 JavaThread "QuantumRenderer-0" daemon [_thread_blocked, id=4192, stack(0x15780000,0x157d0000)]
  0x0089e800 JavaThread "Service Thread" daemon [_thread_blocked, id=12932, stack(0x15460000,0x154b0000)]
  0x0087f400 JavaThread "C1 CompilerThread0" daemon [_thread_blocked, id=6196, stack(0x14c80000,0x14cd0000)]
  0x0087d000 JavaThread "Attach Listener" daemon [_thread_blocked, id=12996, stack(0x14bf0000,0x14c40000)]
  0x0087a400 JavaThread "Signal Dispatcher" daemon [_thread_blocked, id=9600, stack(0x14b60000,0x14bb0000)]
  0x0086a400 JavaThread "Finalizer" daemon [_thread_blocked, id=2792, stack(0x149c0000,0x14a10000)]
  0x0080c800 JavaThread "Reference Handler" daemon [_thread_blocked, id=5560, stack(0x14930000,0x14980000)]
  0x007e2000 JavaThread "main" [_thread_blocked, id=10248, stack(0x021e0000,0x02230000)]

Other Threads:
=>0x00809000 VMThread [stack: 0x148a0000,0x148f0000] [id=5076]

VM state:at safepoint (shutting down)

VM Mutex/Monitor currently owned by a thread:  ([mutex/lock_event])
[0x007d6988] Threads_lock - owner thread: 0x00809000

Heap:
 def new generation   total 7744K, used 3771K [0x04400000, 0x04c60000, 0x09950000)
  eden space 6912K,  47% used [0x04400000, 0x0473b708, 0x04ac0000)
  from space 832K,  55% used [0x04b90000, 0x04c036a8, 0x04c60000)
  to   space 832K,   0% used [0x04ac0000, 0x04ac0000, 0x04b90000)
 tenured generation   total 32760K, used 32513K [0x09950000, 0x0b94e000, 0x14400000)
   the space 32760K,  99% used [0x09950000, 0x0b9106a0, 0x0b910800, 0x0b94e000)
 Metaspace       used 16996K, capacity 17941K, committed 18048K, reserved 18816K

Card table byte_map: [0x042e0000,0x04370000] byte_map_base: 0x042be000

Polling page: 0x00b30000

CodeCache: size=32768Kb used=2937Kb max_used=2937Kb free=29830Kb
 bounds [0x02260000, 0x02540000, 0x04260000]
 total_blobs=1995 nmethods=1536 adapters=388
 compilation: enabled

Compilation events (10 events):
Event: 31.004 Thread 0x0087f400 1565             com.sun.javafx.geom.transform.AffineBase::getMxy (5 bytes)
Event: 31.005 Thread 0x0087f400 nmethod 1565 0x0253bdc8 code [0x0253bec0, 0x0253bf40]
Event: 31.006 Thread 0x0087f400 1566   !         com.sun.javafx.sg.prism.NGGroup::renderContent (436 bytes)
Event: 31.012 Thread 0x0087f400 nmethod 1566 0x0253bf88 code [0x0253c300, 0x0253d160]
Event: 31.012 Thread 0x0087f400 1567             com.sun.prism.impl.BaseGraphics::setDepthTest (6 bytes)
Event: 31.012 Thread 0x0087f400 nmethod 1567 0x0253e6c8 code [0x0253e7c0, 0x0253e840]
Event: 31.012 Thread 0x0087f400 1568             com.sun.javafx.geom.transform.AffineBase::getMyx (5 bytes)
Event: 31.012 Thread 0x0087f400 nmethod 1568 0x0253e888 code [0x0253e980, 0x0253ea00]
Event: 31.012 Thread 0x0087f400 1569             com.sun.prism.impl.ps.BaseShaderContext$State::access$002 (7 bytes)
Event: 31.012 Thread 0x0087f400 nmethod 1569 0x0253ea48 code [0x0253eb40, 0x0253ebc0]

GC Heap History (10 events):
Event: 2.243 GC heap before
{Heap before GC invocations=16 (full 1):
 def new generation   total 7744K, used 7051K [0x04400000, 0x04c60000, 0x09950000)
  eden space 6912K,  95% used [0x04400000, 0x04a74e38, 0x04ac0000)
  from space 832K,  52% used [0x04ac0000, 0x04b2de18, 0x04b90000)
  to   space 832K,   0% used [0x04b90000, 0x04b90000, 0x04c60000)
 tenured generation   total 17016K, used 10996K [0x09950000, 0x0a9ee000, 0x14400000)
   the space 17016K,  64% used [0x09950000, 0x0a40d2c8, 0x0a40d400, 0x0a9ee000)
 Metaspace       used 13837K, capacity 14337K, committed 14464K, reserved 14720K
Event: 2.268 GC heap after
Heap after GC invocations=17 (full 2):
 def new generation   total 7744K, used 0K [0x04400000, 0x04c60000, 0x09950000)
  eden space 6912K,   0% used [0x04400000, 0x04400000, 0x04ac0000)
  from space 832K,   0% used [0x04b90000, 0x04b90000, 0x04c60000)
  to   space 832K,   0% used [0x04ac0000, 0x04ac0000, 0x04b90000)
 tenured generation   total 17016K, used 9725K [0x09950000, 0x0a9ee000, 0x14400000)
   the space 17016K,  57% used [0x09950000, 0x0a2cf520, 0x0a2cf600, 0x0a9ee000)
 Metaspace       used 13837K, capacity 14337K, committed 14464K, reserved 14720K
}
Event: 12.478 GC heap before
{Heap before GC invocations=17 (full 2):
 def new generation   total 7744K, used 6912K [0x04400000, 0x04c60000, 0x09950000)
  eden space 6912K, 100% used [0x04400000, 0x04ac0000, 0x04ac0000)
  from space 832K,   0% used [0x04b90000, 0x04b90000, 0x04c60000)
  to   space 832K,   0% used [0x04ac0000, 0x04ac0000, 0x04b90000)
 tenured generation   total 32760K, used 25465K [0x09950000, 0x0b94e000, 0x14400000)
   the space 32760K,  77% used [0x09950000, 0x0b22e7b0, 0x0b22e800, 0x0b94e000)
 Metaspace       used 15138K, capacity 15768K, committed 15872K, reserved 16768K
Event: 12.482 GC heap after
Heap after GC invocations=18 (full 2):
 def new generation   total 7744K, used 832K [0x04400000, 0x04c60000, 0x09950000)
  eden space 6912K,   0% used [0x04400000, 0x04400000, 0x04ac0000)
  from space 832K, 100% used [0x04ac0000, 0x04b90000, 0x04b90000)
  to   space 832K,   0% used [0x04b90000, 0x04b90000, 0x04c60000)
 tenured generation   total 32760K, used 25688K [0x09950000, 0x0b94e000, 0x14400000)
   the space 32760K,  78% used [0x09950000, 0x0b2662d8, 0x0b266400, 0x0b94e000)
 Metaspace       used 15138K, capacity 15768K, committed 15872K, reserved 16768K
}
Event: 12.758 GC heap before
{Heap before GC invocations=18 (full 2):
 def new generation   total 7744K, used 7744K [0x04400000, 0x04c60000, 0x09950000)
  eden space 6912K, 100% used [0x04400000, 0x04ac0000, 0x04ac0000)
  from space 832K, 100% used [0x04ac0000, 0x04b90000, 0x04b90000)
  to   space 832K,   0% used [0x04b90000, 0x04b90000, 0x04c60000)
 tenured generation   total 32760K, used 25688K [0x09950000, 0x0b94e000, 0x14400000)
   the space 32760K,  78% used [0x09950000, 0x0b2662d8, 0x0b266400, 0x0b94e000)
 Metaspace       used 15903K, capacity 16641K, committed 16768K, reserved 16768K
Event: 12.762 GC heap after
Heap after GC invocations=19 (full 2):
 def new generation   total 7744K, used 739K [0x04400000, 0x04c60000, 0x09950000)
  eden space 6912K,   0% used [0x04400000, 0x04400000, 0x04ac0000)
  from space 832K,  88% used [0x04b90000, 0x04c48cb8, 0x04c60000)
  to   space 832K,   0% used [0x04ac0000, 0x04ac0000, 0x04b90000)
 tenured generation   total 32760K, used 27507K [0x09950000, 0x0b94e000, 0x14400000)
   the space 32760K,  83% used [0x09950000, 0x0b42cea8, 0x0b42d000, 0x0b94e000)
 Metaspace       used 15903K, capacity 16641K, committed 16768K, reserved 16768K
}
Event: 12.879 GC heap before
{Heap before GC invocations=19 (full 2):
 def new generation   total 7744K, used 7651K [0x04400000, 0x04c60000, 0x09950000)
  eden space 6912K, 100% used [0x04400000, 0x04ac0000, 0x04ac0000)
  from space 832K,  88% used [0x04b90000, 0x04c48cb8, 0x04c60000)
  to   space 832K,   0% used [0x04ac0000, 0x04ac0000, 0x04b90000)
 tenured generation   total 32760K, used 27507K [0x09950000, 0x0b94e000, 0x14400000)
   the space 32760K,  83% used [0x09950000, 0x0b42cea8, 0x0b42d000, 0x0b94e000)
 Metaspace       used 16652K, capacity 17542K, committed 17664K, reserved 17792K
Event: 12.885 GC heap after
Heap after GC invocations=20 (full 2):
 def new generation   total 7744K, used 832K [0x04400000, 0x04c60000, 0x09950000)
  eden space 6912K,   0% used [0x04400000, 0x04400000, 0x04ac0000)
  from space 832K, 100% used [0x04ac0000, 0x04b90000, 0x04b90000)
  to   space 832K,   0% used [0x04b90000, 0x04b90000, 0x04c60000)
 tenured generation   total 32760K, used 28624K [0x09950000, 0x0b94e000, 0x14400000)
   the space 32760K,  87% used [0x09950000, 0x0b544028, 0x0b544200, 0x0b94e000)
 Metaspace       used 16652K, capacity 17542K, committed 17664K, reserved 17792K
}
Event: 14.412 GC heap before
{Heap before GC invocations=20 (full 2):
 def new generation   total 7744K, used 7744K [0x04400000, 0x04c60000, 0x09950000)
  eden space 6912K, 100% used [0x04400000, 0x04ac0000, 0x04ac0000)
  from space 832K, 100% used [0x04ac0000, 0x04b90000, 0x04b90000)
  to   space 832K,   0% used [0x04b90000, 0x04b90000, 0x04c60000)
 tenured generation   total 32760K, used 28624K [0x09950000, 0x0b94e000, 0x14400000)
   the space 32760K,  87% used [0x09950000, 0x0b544028, 0x0b544200, 0x0b94e000)
 Metaspace       used 16908K, capacity 17830K, committed 17920K, reserved 18816K
Event: 14.418 GC heap after
Heap after GC invocations=21 (full 2):
 def new generation   total 7744K, used 461K [0x04400000, 0x04c60000, 0x09950000)
  eden space 6912K,   0% used [0x04400000, 0x04400000, 0x04ac0000)
  from space 832K,  55% used [0x04b90000, 0x04c036a8, 0x04c60000)
  to   space 832K,   0% used [0x04ac0000, 0x04ac0000, 0x04b90000)
 tenured generation   total 32760K, used 32513K [0x09950000, 0x0b94e000, 0x14400000)
   the space 32760K,  99% used [0x09950000, 0x0b9106a0, 0x0b910800, 0x0b94e000)
 Metaspace       used 16908K, capacity 17830K, committed 17920K, reserved 18816K
}

Deoptimization events (0 events):
No events

Classes redefined (0 events):
No events

Internal exceptions (10 events):
Event: 2.008 Thread 0x155f5c00 Exception <a 'java/lang/ArrayIndexOutOfBoundsException'> (0x0469c300) thrown at [C:\jenkins\workspace\8-2-build-windows-i586-cygwin\jdk8u271\605\hotspot\src\share\vm\runtime\sharedRuntime.cpp, line 609]
Event: 2.010 Thread 0x155f5c00 Exception <a 'java/lang/ArrayIndexOutOfBoundsException'> (0x046f6678) thrown at [C:\jenkins\workspace\8-2-build-windows-i586-cygwin\jdk8u271\605\hotspot\src\share\vm\runtime\sharedRuntime.cpp, line 609]
Event: 2.241 Thread 0x155f5c00 Exception <a 'java/lang/ArrayIndexOutOfBoundsException'> (0x04a5f280) thrown at [C:\jenkins\workspace\8-2-build-windows-i586-cygwin\jdk8u271\605\hotspot\src\share\vm\runtime\sharedRuntime.cpp, line 609]
Event: 2.241 Thread 0x155f5c00 Exception <a 'java/lang/ArrayIndexOutOfBoundsException'> (0x04a60478) thrown at [C:\jenkins\workspace\8-2-build-windows-i586-cygwin\jdk8u271\605\hotspot\src\share\vm\runtime\sharedRuntime.cpp, line 609]
Event: 12.497 Thread 0x155f5c00 Exception <a 'java/lang/ArrayIndexOutOfBoundsException'> (0x045e4b28) thrown at [C:\jenkins\workspace\8-2-build-windows-i586-cygwin\jdk8u271\605\hotspot\src\share\vm\runtime\sharedRuntime.cpp, line 609]
Event: 12.515 Thread 0x155f5c00 Exception <a 'java/lang/ArrayIndexOutOfBoundsException'> (0x046f80b8) thrown at [C:\jenkins\workspace\8-2-build-windows-i586-cygwin\jdk8u271\605\hotspot\src\share\vm\runtime\sharedRuntime.cpp, line 609]
Event: 12.515 Thread 0x155f5c00 Exception <a 'java/lang/ArrayIndexOutOfBoundsException'> (0x046f90e8) thrown at [C:\jenkins\workspace\8-2-build-windows-i586-cygwin\jdk8u271\605\hotspot\src\share\vm\runtime\sharedRuntime.cpp, line 609]
Event: 12.515 Thread 0x155f5c00 Exception <a 'java/lang/ArrayIndexOutOfBoundsException'> (0x046fa778) thrown at [C:\jenkins\workspace\8-2-build-windows-i586-cygwin\jdk8u271\605\hotspot\src\share\vm\runtime\sharedRuntime.cpp, line 609]
Event: 12.545 Thread 0x155f5c00 Exception <a 'java/lang/ArrayIndexOutOfBoundsException'> (0x04795260) thrown at [C:\jenkins\workspace\8-2-build-windows-i586-cygwin\jdk8u271\605\hotspot\src\share\vm\runtime\sharedRuntime.cpp, line 609]
Event: 31.392 Thread 0x1b18a400 Exception <a 'java/lang/IllegalStateException'> (0x0470d528) thrown at [C:\jenkins\workspace\8-2-build-windows-i586-cygwin\jdk8u271\605\hotspot\src\share\vm\prims\jvm.cpp, line 1516]

Events (10 events):
Event: 31.392 loading class com/sun/javafx/font/PrismFontFile done
Event: 31.392 loading class java/util/Vector$Itr done
Event: 31.392 loading class com/sun/javafx/tk/quantum/QuantumToolkit
Event: 31.392 loading class com/sun/javafx/tk/quantum/QuantumToolkit done
Event: 31.392 Thread 0x1b18a400 Thread exited: 0x1b18a400
Event: 31.393 Thread 0x1b188000 Thread exited: 0x1b188000
Event: 31.393 Executing VM operation: RevokeBias
Event: 31.393 Executing VM operation: RevokeBias done
Event: 31.393 Thread 0x1b187400 Thread exited: 0x1b187400
Event: 31.394 Executing VM operation: Exit


Dynamic libraries:
0x00b50000 - 0x00b8f000 	C:\Program Files (x86)\Java\jdk1.8.0_271\bin\javaw.exe
0x77d20000 - 0x77ec3000 	C:\WINDOWS\SYSTEM32\ntdll.dll
0x76950000 - 0x76a40000 	C:\WINDOWS\System32\KERNEL32.DLL
0x75f40000 - 0x76154000 	C:\WINDOWS\System32\KERNELBASE.dll
0x76b40000 - 0x76bba000 	C:\WINDOWS\System32\ADVAPI32.dll
0x76890000 - 0x7694f000 	C:\WINDOWS\System32\msvcrt.dll
0x76210000 - 0x76286000 	C:\WINDOWS\System32\sechost.dll
0x762d0000 - 0x76390000 	C:\WINDOWS\System32\RPCRT4.dll
0x776f0000 - 0x77886000 	C:\WINDOWS\System32\USER32.dll
0x762b0000 - 0x762c8000 	C:\WINDOWS\System32\win32u.dll
0x77360000 - 0x77383000 	C:\WINDOWS\System32\GDI32.dll
0x76a60000 - 0x76b3c000 	C:\WINDOWS\System32\gdi32full.dll
0x77400000 - 0x7747b000 	C:\WINDOWS\System32\msvcp_win.dll
0x778f0000 - 0x77a10000 	C:\WINDOWS\System32\ucrtbase.dll
0x71f70000 - 0x72182000 	C:\WINDOWS\WinSxS\x86_microsoft.windows.common-controls_6595b64144ccf1df_6.0.19041.746_none_11afeb8d2fff49aa\COMCTL32.dll
0x77200000 - 0x77225000 	C:\WINDOWS\System32\IMM32.DLL
0x725f0000 - 0x72603000 	C:\Program Files (x86)\Java\jdk1.8.0_271\jre\bin\vcruntime140.dll
0x72580000 - 0x725ef000 	C:\Program Files (x86)\Java\jdk1.8.0_271\jre\bin\msvcp140.dll
0x6c250000 - 0x6c62f000 	C:\Program Files (x86)\Java\jdk1.8.0_271\jre\bin\client\jvm.dll
0x767d0000 - 0x767d6000 	C:\WINDOWS\System32\PSAPI.DLL
0x73a00000 - 0x73a08000 	C:\WINDOWS\SYSTEM32\VERSION.dll
0x73900000 - 0x73928000 	C:\WINDOWS\SYSTEM32\WINMM.dll
0x73840000 - 0x73848000 	C:\WINDOWS\SYSTEM32\WSOCK32.dll
0x77ca0000 - 0x77d03000 	C:\WINDOWS\System32\WS2_32.dll
0x74e40000 - 0x74e4f000 	C:\WINDOWS\SYSTEM32\kernel.appcore.dll
0x72570000 - 0x7257d000 	C:\Program Files (x86)\Java\jdk1.8.0_271\jre\bin\verify.dll
0x72540000 - 0x72564000 	C:\Program Files (x86)\Java\jdk1.8.0_271\jre\bin\java.dll
0x72520000 - 0x72534000 	C:\Program Files (x86)\Java\jdk1.8.0_271\jre\bin\zip.dll
0x76c40000 - 0x771f4000 	C:\WINDOWS\System32\SHELL32.dll
0x74770000 - 0x74d79000 	C:\WINDOWS\SYSTEM32\windows.storage.dll
0x77a10000 - 0x77c92000 	C:\WINDOWS\System32\combase.dll
0x74740000 - 0x74764000 	C:\WINDOWS\SYSTEM32\Wldp.dll
0x75be0000 - 0x75c67000 	C:\WINDOWS\System32\SHCORE.dll
0x76160000 - 0x761a5000 	C:\WINDOWS\System32\shlwapi.dll
0x74720000 - 0x7473d000 	C:\WINDOWS\SYSTEM32\profapi.dll
0x72510000 - 0x72513000 	C:\Program Files (x86)\Java\jdk1.8.0_271\jre\bin\api-ms-win-core-console-l1-1-0.dll
0x72500000 - 0x72503000 	C:\Program Files (x86)\Java\jdk1.8.0_271\jre\bin\api-ms-win-core-console-l1-2-0.dll
0x724f0000 - 0x724f3000 	C:\Program Files (x86)\Java\jdk1.8.0_271\jre\bin\api-ms-win-core-datetime-l1-1-0.dll
0x724e0000 - 0x724e3000 	C:\Program Files (x86)\Java\jdk1.8.0_271\jre\bin\api-ms-win-core-debug-l1-1-0.dll
0x724d0000 - 0x724d3000 	C:\Program Files (x86)\Java\jdk1.8.0_271\jre\bin\api-ms-win-core-errorhandling-l1-1-0.dll
0x724c0000 - 0x724c4000 	C:\Program Files (x86)\Java\jdk1.8.0_271\jre\bin\api-ms-win-core-file-l1-1-0.dll
0x724b0000 - 0x724b3000 	C:\Program Files (x86)\Java\jdk1.8.0_271\jre\bin\api-ms-win-core-file-l1-2-0.dll
0x724a0000 - 0x724a3000 	C:\Program Files (x86)\Java\jdk1.8.0_271\jre\bin\api-ms-win-core-file-l2-1-0.dll
0x72490000 - 0x72493000 	C:\Program Files (x86)\Java\jdk1.8.0_271\jre\bin\api-ms-win-core-handle-l1-1-0.dll
0x72480000 - 0x72483000 	C:\Program Files (x86)\Java\jdk1.8.0_271\jre\bin\api-ms-win-core-heap-l1-1-0.dll
0x72470000 - 0x72473000 	C:\Program Files (x86)\Java\jdk1.8.0_271\jre\bin\api-ms-win-core-interlocked-l1-1-0.dll
0x72460000 - 0x72463000 	C:\Program Files (x86)\Java\jdk1.8.0_271\jre\bin\api-ms-win-core-libraryloader-l1-1-0.dll
0x72450000 - 0x72453000 	C:\Program Files (x86)\Java\jdk1.8.0_271\jre\bin\api-ms-win-core-localization-l1-2-0.dll
0x72440000 - 0x72443000 	C:\Program Files (x86)\Java\jdk1.8.0_271\jre\bin\api-ms-win-core-memory-l1-1-0.dll
0x72430000 - 0x72433000 	C:\Program Files (x86)\Java\jdk1.8.0_271\jre\bin\api-ms-win-core-namedpipe-l1-1-0.dll
0x72420000 - 0x72423000 	C:\Program Files (x86)\Java\jdk1.8.0_271\jre\bin\api-ms-win-core-processenvironment-l1-1-0.dll
0x72410000 - 0x72413000 	C:\Program Files (x86)\Java\jdk1.8.0_271\jre\bin\api-ms-win-core-processthreads-l1-1-0.dll
0x72400000 - 0x72403000 	C:\Program Files (x86)\Java\jdk1.8.0_271\jre\bin\api-ms-win-core-processthreads-l1-1-1.dll
0x723f0000 - 0x723f3000 	C:\Program Files (x86)\Java\jdk1.8.0_271\jre\bin\api-ms-win-core-profile-l1-1-0.dll
0x723e0000 - 0x723e3000 	C:\Program Files (x86)\Java\jdk1.8.0_271\jre\bin\api-ms-win-core-rtlsupport-l1-1-0.dll
0x723d0000 - 0x723d3000 	C:\Program Files (x86)\Java\jdk1.8.0_271\jre\bin\api-ms-win-core-string-l1-1-0.dll
0x723c0000 - 0x723c3000 	C:\Program Files (x86)\Java\jdk1.8.0_271\jre\bin\api-ms-win-core-synch-l1-1-0.dll
0x723b0000 - 0x723b3000 	C:\Program Files (x86)\Java\jdk1.8.0_271\jre\bin\api-ms-win-core-synch-l1-2-0.dll
0x723a0000 - 0x723a3000 	C:\Program Files (x86)\Java\jdk1.8.0_271\jre\bin\api-ms-win-core-sysinfo-l1-1-0.dll
0x72390000 - 0x72393000 	C:\Program Files (x86)\Java\jdk1.8.0_271\jre\bin\api-ms-win-core-timezone-l1-1-0.dll
0x72360000 - 0x72363000 	C:\Program Files (x86)\Java\jdk1.8.0_271\jre\bin\api-ms-win-core-util-l1-1-0.dll
0x72350000 - 0x72353000 	C:\Program Files (x86)\Java\jdk1.8.0_271\jre\bin\api-ms-win-crt-conio-l1-1-0.dll
0x72340000 - 0x72344000 	C:\Program Files (x86)\Java\jdk1.8.0_271\jre\bin\api-ms-win-crt-convert-l1-1-0.dll
0x72330000 - 0x72333000 	C:\Program Files (x86)\Java\jdk1.8.0_271\jre\bin\api-ms-win-crt-environment-l1-1-0.dll
0x72320000 - 0x72323000 	C:\Program Files (x86)\Java\jdk1.8.0_271\jre\bin\api-ms-win-crt-filesystem-l1-1-0.dll
0x72310000 - 0x72313000 	C:\Program Files (x86)\Java\jdk1.8.0_271\jre\bin\api-ms-win-crt-heap-l1-1-0.dll
0x72300000 - 0x72303000 	C:\Program Files (x86)\Java\jdk1.8.0_271\jre\bin\api-ms-win-crt-locale-l1-1-0.dll
0x722f0000 - 0x722f5000 	C:\Program Files (x86)\Java\jdk1.8.0_271\jre\bin\api-ms-win-crt-math-l1-1-0.dll
0x722e0000 - 0x722e5000 	C:\Program Files (x86)\Java\jdk1.8.0_271\jre\bin\api-ms-win-crt-multibyte-l1-1-0.dll
0x722d0000 - 0x722e0000 	C:\Program Files (x86)\Java\jdk1.8.0_271\jre\bin\api-ms-win-crt-private-l1-1-0.dll
0x722c0000 - 0x722c3000 	C:\Program Files (x86)\Java\jdk1.8.0_271\jre\bin\api-ms-win-crt-process-l1-1-0.dll
0x722b0000 - 0x722b4000 	C:\Program Files (x86)\Java\jdk1.8.0_271\jre\bin\api-ms-win-crt-runtime-l1-1-0.dll
0x722a0000 - 0x722a4000 	C:\Program Files (x86)\Java\jdk1.8.0_271\jre\bin\api-ms-win-crt-stdio-l1-1-0.dll
0x72290000 - 0x72294000 	C:\Program Files (x86)\Java\jdk1.8.0_271\jre\bin\api-ms-win-crt-string-l1-1-0.dll
0x72280000 - 0x72283000 	C:\Program Files (x86)\Java\jdk1.8.0_271\jre\bin\api-ms-win-crt-time-l1-1-0.dll
0x72270000 - 0x72273000 	C:\Program Files (x86)\Java\jdk1.8.0_271\jre\bin\api-ms-win-crt-utility-l1-1-0.dll
0x6c130000 - 0x6c24f000 	C:\Program Files (x86)\Java\jdk1.8.0_271\jre\bin\ucrtbase.dll
0x72250000 - 0x7226f000 	C:\Program Files (x86)\Java\jdk1.8.0_271\jre\bin\prism_d3d.dll
0x6bfa0000 - 0x6c130000 	C:\WINDOWS\system32\d3d9.dll
0x70ce0000 - 0x70d06000 	C:\WINDOWS\SYSTEM32\dwmapi.dll
0x71ee0000 - 0x71f54000 	C:\WINDOWS\system32\uxtheme.dll
0x75df0000 - 0x75e86000 	C:\WINDOWS\System32\OLEAUT32.dll
0x77230000 - 0x77313000 	C:\WINDOWS\System32\ole32.dll
0x77320000 - 0x7735b000 	C:\WINDOWS\System32\cfgmgr32.dll
0x76290000 - 0x762a9000 	C:\WINDOWS\System32\bcrypt.dll
0x72210000 - 0x72246000 	C:\Program Files (x86)\Java\jdk1.8.0_271\jre\bin\glass.dll
0x767e0000 - 0x7688f000 	C:\WINDOWS\System32\COMDLG32.dll
0x75c70000 - 0x75d44000 	C:\WINDOWS\System32\MSCTF.dll
0x77890000 - 0x778ed000 	C:\WINDOWS\System32\bcryptPrimitives.dll
0x70da0000 - 0x70dcc000 	C:\WINDOWS\SYSTEM32\dxcore.dll
0x72200000 - 0x7220c000 	C:\Program Files (x86)\Java\jdk1.8.0_271\jre\bin\management.dll
0x721e0000 - 0x721f7000 	C:\Program Files (x86)\Java\jdk1.8.0_271\jre\bin\net.dll
0x74de0000 - 0x74e32000 	C:\WINDOWS\system32\mswsock.dll
0x721d0000 - 0x721df000 	C:\Program Files (x86)\Java\jdk1.8.0_271\jre\bin\nio.dll
0x74040000 - 0x740d2000 	C:\WINDOWS\SYSTEM32\DNSAPI.dll
0x74120000 - 0x74152000 	C:\WINDOWS\SYSTEM32\IPHLPAPI.DLL
0x75de0000 - 0x75de7000 	C:\WINDOWS\System32\NSI.dll
0x73f00000 - 0x73f21000 	C:\Program Files (x86)\Bonjour\mdnsNSP.dll
0x73600000 - 0x73608000 	C:\Windows\System32\rasadhlp.dll
0x73fe0000 - 0x74038000 	C:\WINDOWS\System32\fwpuclnt.dll
0x721a0000 - 0x721c3000 	C:\Program Files (x86)\Java\jdk1.8.0_271\jre\bin\sunec.dll
0x74100000 - 0x74114000 	C:\WINDOWS\SYSTEM32\dhcpcsvc6.DLL
0x740e0000 - 0x740f6000 	C:\WINDOWS\SYSTEM32\dhcpcsvc.DLL
0x73f90000 - 0x73fa1000 	C:\WINDOWS\system32\napinsp.dll
0x73f70000 - 0x73f86000 	C:\WINDOWS\system32\pnrpnsp.dll
0x73f60000 - 0x73f70000 	C:\WINDOWS\system32\wshbth.dll
0x73f40000 - 0x73f56000 	C:\WINDOWS\system32\NLAapi.dll
0x73f30000 - 0x73f3e000 	C:\WINDOWS\System32\winrnr.dll
0x74dc0000 - 0x74dd3000 	C:\WINDOWS\SYSTEM32\CRYPTSP.dll
0x74d90000 - 0x74dbf000 	C:\WINDOWS\system32\rsaenh.dll
0x73a10000 - 0x73a35000 	C:\WINDOWS\SYSTEM32\USERENV.dll
0x74d80000 - 0x74d8a000 	C:\WINDOWS\SYSTEM32\CRYPTBASE.dll
0x72190000 - 0x721a0000 	C:\Program Files (x86)\Java\jdk1.8.0_271\jre\bin\javafx_font.dll
0x6e5f0000 - 0x6e7fc000 	C:\WINDOWS\SYSTEM32\dwrite.dll
0x76bc0000 - 0x76c3e000 	C:\WINDOWS\System32\clbcatq.dll
0x70f30000 - 0x710a0000 	C:\WINDOWS\SYSTEM32\WindowsCodecs.dll
0x71b90000 - 0x71bc1000 	C:\WINDOWS\system32\dataexchange.dll
0x71690000 - 0x717f5000 	C:\WINDOWS\system32\dcomp.dll
0x71800000 - 0x719e0000 	C:\WINDOWS\system32\d3d11.dll
0x715c0000 - 0x71682000 	C:\WINDOWS\system32\dxgi.dll
0x70080000 - 0x7020f000 	C:\WINDOWS\system32\twinapi.appcore.dll
0x71eb0000 - 0x71ed4000 	C:\Program Files (x86)\Common Files\Microsoft Shared\Ink\rtscom.dll
0x70b60000 - 0x70c19000 	C:\WINDOWS\SYSTEM32\textinputframework.dll
0x70840000 - 0x708db000 	C:\WINDOWS\System32\CoreMessaging.dll
0x708e0000 - 0x70b5e000 	C:\WINDOWS\System32\CoreUIComponents.dll
0x736e0000 - 0x73709000 	C:\WINDOWS\SYSTEM32\ntmarta.dll
0x71a40000 - 0x71b1b000 	C:\WINDOWS\SYSTEM32\wintypes.dll
0x71e70000 - 0x71ea2000 	C:\Program Files (x86)\Java\jdk1.8.0_271\jre\bin\splashscreen.dll

VM Arguments:
jvm_args: -Dfile.encoding=Cp1251 
java_command: mj.app.main.Main
java_class_path (initial): C:\Users\Said.000\git\ZagsNotary\MinistryofJustice\target\classes;C:\Users\Said\.p2\pool\plugins\org.eclipse.fx.ide.css.jfx8_3.5.0.201907240300.jar;C:\Users\Said.000\.m2\repository\org\apache\xmlgraphics\batik-dom\1.13\batik-dom-1.13.jar;C:\Users\Said.000\.m2\repository\org\apache\xmlgraphics\batik-css\1.13\batik-css-1.13.jar;C:\Users\Said.000\.m2\repository\org\apache\xmlgraphics\batik-ext\1.13\batik-ext-1.13.jar;C:\Users\Said.000\.m2\repository\org\apache\xmlgraphics\batik-shared-resources\1.13\batik-shared-resources-1.13.jar;C:\Users\Said.000\.m2\repository\org\apache\xmlgraphics\batik-util\1.13\batik-util-1.13.jar;C:\Users\Said.000\.m2\repository\org\apache\xmlgraphics\batik-constants\1.13\batik-constants-1.13.jar;C:\Users\Said.000\.m2\repository\org\apache\xmlgraphics\batik-i18n\1.13\batik-i18n-1.13.jar;C:\Users\Said.000\.m2\repository\org\apache\xmlgraphics\batik-xml\1.13\batik-xml-1.13.jar;C:\Users\Said.000\.m2\repository\xalan\xalan\2.7.2\xalan-2.7.2.jar;C:\Users\Said.000\.m2\repository\xalan\serializer\2.7.2\serializer-2.7.2.jar;C:\Users\Said.000\.m2\repository\xml-apis\xml-apis\1.4.01\xml-apis-1.4.01.jar;C:\Users\Said.000\.m2\repository\xml-apis\xml-apis-ext\1.3.04\xml-apis-ext-1.3.04.jar;C:\Users\Said.000\.m2\repository\org\apache\xmlgraphics\batik-anim\1.13\batik-anim-1.13.jar;C:\Users\Said.000\.m2\repository\org\apache\xmlgraphics\batik-awt-util\1.13\batik-awt-util-1.13.jar;C:\Users\Said.000\.m2\repository\org\apache\xmlgraphics\batik-parser\1.13\batik-parser-1.13.jar;C:\Users\Said.000\.m2\repository\org\apache\xmlgraphics\batik-svg-dom\1.13\batik-svg-dom-1.13.jar;C:\Users\Said.000\.m2\repository\org\apache\xmlgraphics\batik-bridge\1.13\batik-bridge-1.13.jar;C:\Users\Said.000\.m2\repository\org\apache\xmlgraphics\batik-gvt\1.13\batik-gvt-1.13.jar;C:\Users\Said.000\.m2\repository\org\apache\xmlgraphics\batik-script\1.13\batik-script-1.13.jar;C:\Users\Said.000\.m2\repository\org\apache\xmlgraphics\xmlgraphics-commons\2.4\xmlgr
Launcher Type: SUN_STANDARD

Environment Variables:
USERNAME=Said
OS=Windows_NT
PROCESSOR_IDENTIFIER=Intel64 Family 6 Model 60 Stepping 3, GenuineIntel



---------------  S Y S T E M  ---------------

OS: Windows 10.0 , 64 bit Build 19041 (10.0.19041.804)

CPU:total 4 (initial active 4) (4 cores per cpu, 1 threads per core) family 6 model 60 stepping 3, cmov, cx8, fxsr, mmx, sse, sse2, sse3, ssse3, sse4.1, sse4.2, popcnt, avx, avx2, aes, clmul, erms, lzcnt, tsc, tscinvbit, bmi1, bmi2

Memory: 4k page, physical 8292720k(1483580k free), swap 15468164k(4011564k free)

vm_info: Java HotSpot(TM) Client VM (25.271-b09) for windows-x86 JRE (1.8.0_271-b09), built on Sep 17 2020 01:51:12 by "" with MS VC++ 15.9 (VS2017)

time: Thu Mar 18 23:07:27 2021
timezone: RTZ 2 (зима)
elapsed time: 32.015538 seconds (0d 0h 0m 32s)

